<?xml version="1.0" encoding="UTF-8"?>
<testng-results ignored="0" total="1" passed="1" failed="0" skipped="0">
  <reporter-output>
  </reporter-output>
  <suite started-at="2023-11-28T18:19:17 IST" name="Default suite" finished-at="2023-11-28T18:19:31 IST" duration-ms="13851">
    <groups>
    </groups>
    <test started-at="2023-11-28T18:19:17 IST" name="Default test" finished-at="2023-11-28T18:19:31 IST" duration-ms="13851">
      <class name="TestCases1.VerifySignup1">
        <test-method signature="signup()[pri:0, instance:TestCases1.VerifySignup1@7c7b252e]" started-at="2023-11-28T18:19:17 IST" name="signup" finished-at="2023-11-28T18:19:31 IST" duration-ms="13791" status="PASS">
          <reporter-output>
          </reporter-output>
        </test-method> <!-- signup -->
      </class> <!-- TestCases1.VerifySignup1 -->
    </test> <!-- Default test -->
  </suite> <!-- Default suite -->
</testng-results>
